


ARM Macro Assembler    Page 1 


    1 00000000         ;******************** (C) COPYRIGHT 2015 STMicroelectron
                       ics ********************
    2 00000000         ;* File Name          : startup_stm32l082xx.s
    3 00000000         ;* Author             : MCD Application Team
    4 00000000         ;* Version            : V1.6.0
    5 00000000         ;* Date               : 15-April-2016
    6 00000000         ;* Description        : STM32l082xx Devices vector table
                        for MDK-ARM toolchain.
    7 00000000         ;*                      This module performs:
    8 00000000         ;*                      - Set the initial SP
    9 00000000         ;*                      - Set the initial PC == Reset_Ha
                       ndler
   10 00000000         ;*                      - Set the vector table entries w
                       ith the exceptions ISR address
   11 00000000         ;*                      - Branches to __main in the C li
                       brary (which eventually
   12 00000000         ;*                        calls main()).
   13 00000000         ;*                      After Reset the Cortex-M0+ proce
                       ssor is in Thread mode,
   14 00000000         ;*                      priority is Privileged, and the 
                       Stack is set to Main.
   15 00000000         ;* <<< Use Configuration Wizard in Context Menu >>>   
   16 00000000         ;*******************************************************
                       ************************
   17 00000000         ;* 
   18 00000000         ;* Redistribution and use in source and binary forms, wi
                       th or without modification,
   19 00000000         ;* are permitted provided that the following conditions 
                       are met:
   20 00000000         ;*   1. Redistributions of source code must retain the a
                       bove copyright notice,
   21 00000000         ;*      this list of conditions and the following discla
                       imer.
   22 00000000         ;*   2. Redistributions in binary form must reproduce th
                       e above copyright notice,
   23 00000000         ;*      this list of conditions and the following discla
                       imer in the documentation
   24 00000000         ;*      and/or other materials provided with the distrib
                       ution.
   25 00000000         ;*   3. Neither the name of STMicroelectronics nor the n
                       ames of its contributors
   26 00000000         ;*      may be used to endorse or promote products deriv
                       ed from this software
   27 00000000         ;*      without specific prior written permission.
   28 00000000         ;*
   29 00000000         ;* THIS SOFTWARE IS PROVIDED BY THE COPYRIGHT HOLDERS AN
                       D CONTRIBUTORS "AS IS"
   30 00000000         ;* AND ANY EXPRESS OR IMPLIED WARRANTIES, INCLUDING, BUT
                        NOT LIMITED TO, THE
   31 00000000         ;* IMPLIED WARRANTIES OF MERCHANTABILITY AND FITNESS FOR
                        A PARTICULAR PURPOSE ARE
   32 00000000         ;* DISCLAIMED. IN NO EVENT SHALL THE COPYRIGHT HOLDER OR
                        CONTRIBUTORS BE LIABLE
   33 00000000         ;* FOR ANY DIRECT, INDIRECT, INCIDENTAL, SPECIAL, EXEMPL
                       ARY, OR CONSEQUENTIAL
   34 00000000         ;* DAMAGES (INCLUDING, BUT NOT LIMITED TO, PROCUREMENT O
                       F SUBSTITUTE GOODS OR
   35 00000000         ;* SERVICES; LOSS OF USE, DATA, OR PROFITS; OR BUSINESS 
                       INTERRUPTION) HOWEVER



ARM Macro Assembler    Page 2 


   36 00000000         ;* CAUSED AND ON ANY THEORY OF LIABILITY, WHETHER IN CON
                       TRACT, STRICT LIABILITY,
   37 00000000         ;* OR TORT (INCLUDING NEGLIGENCE OR OTHERWISE) ARISING I
                       N ANY WAY OUT OF THE USE
   38 00000000         ;* OF THIS SOFTWARE, EVEN IF ADVISED OF THE POSSIBILITY 
                       OF SUCH DAMAGE.
   39 00000000         ;*
   40 00000000         ;*******************************************************
                       ************************
   41 00000000         ;
   42 00000000         ; Amount of memory (in bytes) allocated for Stack
   43 00000000         ; Tailor this value to your application needs
   44 00000000         ; <h> Stack Configuration
   45 00000000         ;   <o> Stack Size (in Bytes) <0x0-0xFFFFFFFF:8>
   46 00000000         ; </h>
   47 00000000         
   48 00000000 00001000 
                       Stack_Size
                               EQU              0x1000
   49 00000000         
   50 00000000                 AREA             STACK, NOINIT, READWRITE, ALIGN
=3
   51 00000000         Stack_Mem
                               SPACE            Stack_Size
   52 00001000         __initial_sp
   53 00001000         
   54 00001000         
   55 00001000         ; <h> Heap Configuration
   56 00001000         ;   <o>  Heap Size (in Bytes) <0x0-0xFFFFFFFF:8>
   57 00001000         ; </h>
   58 00001000         
   59 00001000 00000400 
                       Heap_Size
                               EQU              0x400
   60 00001000         
   61 00001000                 AREA             HEAP, NOINIT, READWRITE, ALIGN=
3
   62 00000000         __heap_base
   63 00000000         Heap_Mem
                               SPACE            Heap_Size
   64 00000400         __heap_limit
   65 00000400         
   66 00000400                 PRESERVE8
   67 00000400                 THUMB
   68 00000400         
   69 00000400         
   70 00000400         ; Vector Table Mapped to Address 0 at Reset
   71 00000400                 AREA             RESET, DATA, READONLY
   72 00000000                 EXPORT           __Vectors
   73 00000000                 EXPORT           __Vectors_End
   74 00000000                 EXPORT           __Vectors_Size
   75 00000000         
   76 00000000         ; DICE_APP_PAYLOAD_INFO to be filled out after code gene
                       ration
   77 00000000 00000000        DCD              0x00000000  ; tag
   78 00000004 00000000        DCD              0x00000000  ; appVersion
   79 00000008 00000000        DCD              0x00000000  ; appSize
   80 0000000C 00000000        DCD              0x00000000  ; appDate
   81 00000010 00 00 00 



ARM Macro Assembler    Page 3 


              00 00 00 
              00 00 00 
              00 00 00 
              00 00 00 
              00 00 00 
              00 00 00 
              00 00 00         DCB              0,0,0,0,0,0,0,0,0,0,0,0,0,0,0,0
,0,0,0,0,0,0,0,0 
                                                            ; appName
   82 00000028 00 00 00 
              00 00 00 
              00 00 00 
              00 00 00 
              00 00 00 
              00 00 00 
              00 00 00 
              00 00 00         DCB              0,0,0,0,0,0,0,0,0,0,0,0,0,0,0,0
,0,0,0,0,0,0,0,0 
                                                            ; manufacturer
   83 00000040 00 00 00 
              00 00 00 
              00 00 00 
              00 00 00 
              00 00 00 
              00               DCB              0,0,0,0,0,0,0,0,0,0,0,0,0,0,0,0
 
                                                            ; strongName
   84 00000050 00 00 00 
              00 00 00 
              00 00 00 
              00 00 00 
              00 00 00 
              00               DCB              0,0,0,0,0,0,0,0,0,0,0,0,0,0,0,0
 
                                                            ; manufacturerSalt
   85 00000060 00 00 00 
              00 00 00 
              00 00 00 
              00 00 00 
              00 00 00 
              00               DCB              0,0,0,0,0,0,0,0,0,0,0,0,0,0,0,0
 
                                                            ; encOperatorId
   86 00000070 00 00 00 
              00 00 00 
              00 00 00 
              00 00 00 
              00 00 00 
              00               DCB              0,0,0,0,0,0,0,0,0,0,0,0,0,0,0,0
 
                                                            ; authorization
   87 00000080 00000000 
                       __Vectors
                               DCD              __initial_sp ; Top of Stack
   88 00000084 00000000        DCD              Reset_Handler ; Reset Handler
   89 00000088 00000000        DCD              NMI_Handler ; NMI Handler
   90 0000008C 00000000        DCD              HardFault_Handler ; Hard Fault 
                                                            Handler
   91 00000090 00000000        DCD              0           ; Reserved



ARM Macro Assembler    Page 4 


   92 00000094 00000000        DCD              0           ; Reserved
   93 00000098 00000000        DCD              0           ; Reserved
   94 0000009C 00000000        DCD              0           ; Reserved
   95 000000A0 00000000        DCD              0           ; Reserved
   96 000000A4 00000000        DCD              0           ; Reserved
   97 000000A8 00000000        DCD              0           ; Reserved
   98 000000AC 00000000        DCD              SVC_Handler ; SVCall Handler
   99 000000B0 00000000        DCD              0           ; Reserved
  100 000000B4 00000000        DCD              0           ; Reserved
  101 000000B8 00000000        DCD              PendSV_Handler ; PendSV Handler
                                                            
  102 000000BC 00000000        DCD              SysTick_Handler 
                                                            ; SysTick Handler
  103 000000C0         
  104 000000C0         ; External Interrupts
  105 000000C0 00000000        DCD              WWDG_IRQHandler 
                                                            ; Window Watchdog
  106 000000C4 00000000        DCD              PVD_IRQHandler ; PVD through EX
                                                            TI Line detect
  107 000000C8 00000000        DCD              RTC_IRQHandler ; RTC through EX
                                                            TI Line
  108 000000CC 00000000        DCD              FLASH_IRQHandler ; FLASH
  109 000000D0 00000000        DCD              RCC_CRS_IRQHandler 
                                                            ; RCC and CRS
  110 000000D4 00000000        DCD              EXTI0_1_IRQHandler 
                                                            ; EXTI Line 0 and 1
                                                            
  111 000000D8 00000000        DCD              EXTI2_3_IRQHandler 
                                                            ; EXTI Line 2 and 3
                                                            
  112 000000DC 00000000        DCD              EXTI4_15_IRQHandler 
                                                            ; EXTI Line 4 to 15
                                                            
  113 000000E0 00000000        DCD              TSC_IRQHandler ; TSC
  114 000000E4 00000000        DCD              DMA1_Channel1_IRQHandler 
                                                            ; DMA1 Channel 1
  115 000000E8 00000000        DCD              DMA1_Channel2_3_IRQHandler ; DM
                                                            A1 Channel 2 and Ch
                                                            annel 3
  116 000000EC 00000000        DCD              DMA1_Channel4_5_6_7_IRQHandler 
                                                            ; DMA1 Channel 4, C
                                                            hannel 5, Channel 6
                                                             and Channel 7
  117 000000F0 00000000        DCD              ADC1_COMP_IRQHandler ; ADC1, CO
                                                            MP1 and COMP2 
  118 000000F4 00000000        DCD              LPTIM1_IRQHandler ; LPTIM1
  119 000000F8 00000000        DCD              USART4_5_IRQHandler 
                                                            ; USART4 and USART5
                                                            
  120 000000FC 00000000        DCD              TIM2_IRQHandler ; TIM2
  121 00000100 00000000        DCD              TIM3_IRQHandler ; TIM3
  122 00000104 00000000        DCD              TIM6_DAC_IRQHandler 
                                                            ; TIM6 and DAC
  123 00000108 00000000        DCD              TIM7_IRQHandler ; TIM7
  124 0000010C 00000000        DCD              0           ; Reserved
  125 00000110 00000000        DCD              TIM21_IRQHandler ; TIM21
  126 00000114 00000000        DCD              I2C3_IRQHandler ; I2C3
  127 00000118 00000000        DCD              TIM22_IRQHandler ; TIM22
  128 0000011C 00000000        DCD              I2C1_IRQHandler ; I2C1



ARM Macro Assembler    Page 5 


  129 00000120 00000000        DCD              I2C2_IRQHandler ; I2C2
  130 00000124 00000000        DCD              SPI1_IRQHandler ; SPI1
  131 00000128 00000000        DCD              SPI2_IRQHandler ; SPI2
  132 0000012C 00000000        DCD              USART1_IRQHandler ; USART1
  133 00000130 00000000        DCD              USART2_IRQHandler ; USART2
  134 00000134 00000000        DCD              AES_RNG_LPUART1_IRQHandler 
                                                            ; RNG and LPUART1
  135 00000138 00000000        DCD              0           ; Reserved
  136 0000013C 00000000        DCD              USB_IRQHandler ; USB
  137 00000140         
  138 00000140         __Vectors_End
  139 00000140         
  140 00000140 000000C0 
                       __Vectors_Size
                               EQU              __Vectors_End - __Vectors
  141 00000140         
  142 00000140                 AREA             |.text|, CODE, READONLY
  143 00000000         
  144 00000000         ; Reset handler routine
  145 00000000         Reset_Handler
                               PROC
  146 00000000                 EXPORT           Reset_Handler                 [
WEAK]
  147 00000000                 IMPORT           __main
  148 00000000                 IMPORT           SystemInit
  149 00000000 4804            LDR              R0, =SystemInit
  150 00000002 4780            BLX              R0
  151 00000004 4804            LDR              R0, =__main
  152 00000006 4700            BX               R0
  153 00000008                 ENDP
  154 00000008         
  155 00000008         ; Dummy Exception Handlers (infinite loops which can be 
                       modified)
  156 00000008         
  157 00000008         NMI_Handler
                               PROC
  158 00000008                 EXPORT           NMI_Handler                    
[WEAK]
  159 00000008 E7FE            B                .
  160 0000000A                 ENDP
  162 0000000A         HardFault_Handler
                               PROC
  163 0000000A                 EXPORT           HardFault_Handler              
[WEAK]
  164 0000000A E7FE            B                .
  165 0000000C                 ENDP
  166 0000000C         SVC_Handler
                               PROC
  167 0000000C                 EXPORT           SVC_Handler                    
[WEAK]
  168 0000000C E7FE            B                .
  169 0000000E                 ENDP
  170 0000000E         PendSV_Handler
                               PROC
  171 0000000E                 EXPORT           PendSV_Handler                 
[WEAK]
  172 0000000E E7FE            B                .
  173 00000010                 ENDP
  174 00000010         SysTick_Handler



ARM Macro Assembler    Page 6 


                               PROC
  175 00000010                 EXPORT           SysTick_Handler                
[WEAK]
  176 00000010 E7FE            B                .
  177 00000012                 ENDP
  178 00000012         
  179 00000012         Default_Handler
                               PROC
  180 00000012         
  181 00000012                 EXPORT           WWDG_IRQHandler                
[WEAK]
  182 00000012                 EXPORT           PVD_IRQHandler                 
[WEAK]
  183 00000012                 EXPORT           RTC_IRQHandler                 
[WEAK]
  184 00000012                 EXPORT           FLASH_IRQHandler               
[WEAK]
  185 00000012                 EXPORT           RCC_CRS_IRQHandler             
[WEAK]
  186 00000012                 EXPORT           EXTI0_1_IRQHandler             
[WEAK]
  187 00000012                 EXPORT           EXTI2_3_IRQHandler             
[WEAK]
  188 00000012                 EXPORT           EXTI4_15_IRQHandler            
[WEAK]
  189 00000012                 EXPORT           TSC_IRQHandler                 
 [WEAK]
  190 00000012                 EXPORT           DMA1_Channel1_IRQHandler       
[WEAK]
  191 00000012                 EXPORT           DMA1_Channel2_3_IRQHandler     
[WEAK]
  192 00000012                 EXPORT           DMA1_Channel4_5_6_7_IRQHandler 
[WEAK]
  193 00000012                 EXPORT           ADC1_COMP_IRQHandler           
[WEAK]
  194 00000012                 EXPORT           LPTIM1_IRQHandler              
[WEAK]
  195 00000012                 EXPORT           USART4_5_IRQHandler            
[WEAK]
  196 00000012                 EXPORT           TIM2_IRQHandler                
[WEAK]
  197 00000012                 EXPORT           TIM3_IRQHandler                
[WEAK]
  198 00000012                 EXPORT           TIM6_DAC_IRQHandler            
[WEAK]
  199 00000012                 EXPORT           TIM7_IRQHandler                
[WEAK]
  200 00000012                 EXPORT           TIM21_IRQHandler               
[WEAK]
  201 00000012                 EXPORT           TIM22_IRQHandler               
[WEAK]
  202 00000012                 EXPORT           I2C1_IRQHandler                
[WEAK]
  203 00000012                 EXPORT           I2C2_IRQHandler                
[WEAK]
  204 00000012                 EXPORT           I2C3_IRQHandler                
[WEAK]
  205 00000012                 EXPORT           SPI1_IRQHandler                
[WEAK]



ARM Macro Assembler    Page 7 


  206 00000012                 EXPORT           SPI2_IRQHandler                
[WEAK]
  207 00000012                 EXPORT           USART1_IRQHandler              
[WEAK]
  208 00000012                 EXPORT           USART2_IRQHandler              
[WEAK]
  209 00000012                 EXPORT           AES_RNG_LPUART1_IRQHandler     
[WEAK]
  210 00000012                 EXPORT           USB_IRQHandler                 
[WEAK]
  211 00000012         
  212 00000012         
  213 00000012         WWDG_IRQHandler
  214 00000012         PVD_IRQHandler
  215 00000012         RTC_IRQHandler
  216 00000012         FLASH_IRQHandler
  217 00000012         RCC_CRS_IRQHandler
  218 00000012         EXTI0_1_IRQHandler
  219 00000012         EXTI2_3_IRQHandler
  220 00000012         EXTI4_15_IRQHandler
  221 00000012         TSC_IRQHandler
  222 00000012         DMA1_Channel1_IRQHandler
  223 00000012         DMA1_Channel2_3_IRQHandler
  224 00000012         DMA1_Channel4_5_6_7_IRQHandler
  225 00000012         ADC1_COMP_IRQHandler
  226 00000012         LPTIM1_IRQHandler
  227 00000012         USART4_5_IRQHandler
  228 00000012         TIM2_IRQHandler
  229 00000012         TIM3_IRQHandler
  230 00000012         TIM6_DAC_IRQHandler
  231 00000012         TIM7_IRQHandler
  232 00000012         TIM21_IRQHandler
  233 00000012         TIM22_IRQHandler
  234 00000012         I2C1_IRQHandler
  235 00000012         I2C2_IRQHandler
  236 00000012         I2C3_IRQHandler
  237 00000012         SPI1_IRQHandler
  238 00000012         SPI2_IRQHandler
  239 00000012         USART1_IRQHandler
  240 00000012         USART2_IRQHandler
  241 00000012         AES_RNG_LPUART1_IRQHandler
  242 00000012         USB_IRQHandler
  243 00000012         
  244 00000012 E7FE            B                .
  245 00000014         
  246 00000014                 ENDP
  247 00000014         
  248 00000014                 ALIGN
  249 00000014         
  250 00000014         ;*******************************************************
                       ************************
  251 00000014         ; User Stack and Heap initialization
  252 00000014         ;*******************************************************
                       ************************
  253 00000014                 IF               :DEF:__MICROLIB
  254 00000014         
  255 00000014                 EXPORT           __initial_sp
  256 00000014                 EXPORT           __heap_base
  257 00000014                 EXPORT           __heap_limit



ARM Macro Assembler    Page 8 


  258 00000014         
  259 00000014                 ELSE
  274                          ENDIF
  275 00000014         
  276 00000014                 END
              00000000 
              00000000 
Command Line: --debug --xref --diag_suppress=9931 --cpu=Cortex-M0+ --apcs=inter
work --depend=payload\startup_stm32l082xx.d -opayload\startup_stm32l082xx.o -IC
:\GitHub\LoD\NautilusDICE\Payload\MDK-ARM\RTE -IC:\Keil_v5\ARM\PACK\ARM\CMSIS\5
.0.0-Beta4\CMSIS\Include -IC:\Keil_v5\ARM\PACK\Keil\STM32L0xx_DFP\1.6.0\Device\
Include --predefine="__MICROLIB SETA 1" --predefine="__UVISION_VERSION SETA 521
" --predefine="_RTE_ SETA 1" --predefine="STM32L082xx SETA 1" --list=startup_st
m32l082xx.lst startup_stm32l082xx.s



ARM Macro Assembler    Page 1 Alphabetic symbol ordering
Relocatable symbols

STACK 00000000

Symbol: STACK
   Definitions
      At line 50 in file startup_stm32l082xx.s
   Uses
      None
Comment: STACK unused
Stack_Mem 00000000

Symbol: Stack_Mem
   Definitions
      At line 51 in file startup_stm32l082xx.s
   Uses
      None
Comment: Stack_Mem unused
__initial_sp 00001000

Symbol: __initial_sp
   Definitions
      At line 52 in file startup_stm32l082xx.s
   Uses
      At line 87 in file startup_stm32l082xx.s
      At line 255 in file startup_stm32l082xx.s

3 symbols



ARM Macro Assembler    Page 1 Alphabetic symbol ordering
Relocatable symbols

HEAP 00000000

Symbol: HEAP
   Definitions
      At line 61 in file startup_stm32l082xx.s
   Uses
      None
Comment: HEAP unused
Heap_Mem 00000000

Symbol: Heap_Mem
   Definitions
      At line 63 in file startup_stm32l082xx.s
   Uses
      None
Comment: Heap_Mem unused
__heap_base 00000000

Symbol: __heap_base
   Definitions
      At line 62 in file startup_stm32l082xx.s
   Uses
      At line 256 in file startup_stm32l082xx.s
Comment: __heap_base used once
__heap_limit 00000400

Symbol: __heap_limit
   Definitions
      At line 64 in file startup_stm32l082xx.s
   Uses
      At line 257 in file startup_stm32l082xx.s
Comment: __heap_limit used once
4 symbols



ARM Macro Assembler    Page 1 Alphabetic symbol ordering
Relocatable symbols

RESET 00000000

Symbol: RESET
   Definitions
      At line 71 in file startup_stm32l082xx.s
   Uses
      None
Comment: RESET unused
__Vectors 00000080

Symbol: __Vectors
   Definitions
      At line 87 in file startup_stm32l082xx.s
   Uses
      At line 72 in file startup_stm32l082xx.s
      At line 140 in file startup_stm32l082xx.s

__Vectors_End 00000140

Symbol: __Vectors_End
   Definitions
      At line 138 in file startup_stm32l082xx.s
   Uses
      At line 73 in file startup_stm32l082xx.s
      At line 140 in file startup_stm32l082xx.s

3 symbols



ARM Macro Assembler    Page 1 Alphabetic symbol ordering
Relocatable symbols

.text 00000000

Symbol: .text
   Definitions
      At line 142 in file startup_stm32l082xx.s
   Uses
      None
Comment: .text unused
ADC1_COMP_IRQHandler 00000012

Symbol: ADC1_COMP_IRQHandler
   Definitions
      At line 225 in file startup_stm32l082xx.s
   Uses
      At line 117 in file startup_stm32l082xx.s
      At line 193 in file startup_stm32l082xx.s

AES_RNG_LPUART1_IRQHandler 00000012

Symbol: AES_RNG_LPUART1_IRQHandler
   Definitions
      At line 241 in file startup_stm32l082xx.s
   Uses
      At line 134 in file startup_stm32l082xx.s
      At line 209 in file startup_stm32l082xx.s

DMA1_Channel1_IRQHandler 00000012

Symbol: DMA1_Channel1_IRQHandler
   Definitions
      At line 222 in file startup_stm32l082xx.s
   Uses
      At line 114 in file startup_stm32l082xx.s
      At line 190 in file startup_stm32l082xx.s

DMA1_Channel2_3_IRQHandler 00000012

Symbol: DMA1_Channel2_3_IRQHandler
   Definitions
      At line 223 in file startup_stm32l082xx.s
   Uses
      At line 115 in file startup_stm32l082xx.s
      At line 191 in file startup_stm32l082xx.s

DMA1_Channel4_5_6_7_IRQHandler 00000012

Symbol: DMA1_Channel4_5_6_7_IRQHandler
   Definitions
      At line 224 in file startup_stm32l082xx.s
   Uses
      At line 116 in file startup_stm32l082xx.s
      At line 192 in file startup_stm32l082xx.s

Default_Handler 00000012

Symbol: Default_Handler
   Definitions
      At line 179 in file startup_stm32l082xx.s
   Uses



ARM Macro Assembler    Page 2 Alphabetic symbol ordering
Relocatable symbols

      None
Comment: Default_Handler unused
EXTI0_1_IRQHandler 00000012

Symbol: EXTI0_1_IRQHandler
   Definitions
      At line 218 in file startup_stm32l082xx.s
   Uses
      At line 110 in file startup_stm32l082xx.s
      At line 186 in file startup_stm32l082xx.s

EXTI2_3_IRQHandler 00000012

Symbol: EXTI2_3_IRQHandler
   Definitions
      At line 219 in file startup_stm32l082xx.s
   Uses
      At line 111 in file startup_stm32l082xx.s
      At line 187 in file startup_stm32l082xx.s

EXTI4_15_IRQHandler 00000012

Symbol: EXTI4_15_IRQHandler
   Definitions
      At line 220 in file startup_stm32l082xx.s
   Uses
      At line 112 in file startup_stm32l082xx.s
      At line 188 in file startup_stm32l082xx.s

FLASH_IRQHandler 00000012

Symbol: FLASH_IRQHandler
   Definitions
      At line 216 in file startup_stm32l082xx.s
   Uses
      At line 108 in file startup_stm32l082xx.s
      At line 184 in file startup_stm32l082xx.s

HardFault_Handler 0000000A

Symbol: HardFault_Handler
   Definitions
      At line 162 in file startup_stm32l082xx.s
   Uses
      At line 90 in file startup_stm32l082xx.s
      At line 163 in file startup_stm32l082xx.s

I2C1_IRQHandler 00000012

Symbol: I2C1_IRQHandler
   Definitions
      At line 234 in file startup_stm32l082xx.s
   Uses
      At line 128 in file startup_stm32l082xx.s
      At line 202 in file startup_stm32l082xx.s

I2C2_IRQHandler 00000012

Symbol: I2C2_IRQHandler



ARM Macro Assembler    Page 3 Alphabetic symbol ordering
Relocatable symbols

   Definitions
      At line 235 in file startup_stm32l082xx.s
   Uses
      At line 129 in file startup_stm32l082xx.s
      At line 203 in file startup_stm32l082xx.s

I2C3_IRQHandler 00000012

Symbol: I2C3_IRQHandler
   Definitions
      At line 236 in file startup_stm32l082xx.s
   Uses
      At line 126 in file startup_stm32l082xx.s
      At line 204 in file startup_stm32l082xx.s

LPTIM1_IRQHandler 00000012

Symbol: LPTIM1_IRQHandler
   Definitions
      At line 226 in file startup_stm32l082xx.s
   Uses
      At line 118 in file startup_stm32l082xx.s
      At line 194 in file startup_stm32l082xx.s

NMI_Handler 00000008

Symbol: NMI_Handler
   Definitions
      At line 157 in file startup_stm32l082xx.s
   Uses
      At line 89 in file startup_stm32l082xx.s
      At line 158 in file startup_stm32l082xx.s

PVD_IRQHandler 00000012

Symbol: PVD_IRQHandler
   Definitions
      At line 214 in file startup_stm32l082xx.s
   Uses
      At line 106 in file startup_stm32l082xx.s
      At line 182 in file startup_stm32l082xx.s

PendSV_Handler 0000000E

Symbol: PendSV_Handler
   Definitions
      At line 170 in file startup_stm32l082xx.s
   Uses
      At line 101 in file startup_stm32l082xx.s
      At line 171 in file startup_stm32l082xx.s

RCC_CRS_IRQHandler 00000012

Symbol: RCC_CRS_IRQHandler
   Definitions
      At line 217 in file startup_stm32l082xx.s
   Uses
      At line 109 in file startup_stm32l082xx.s
      At line 185 in file startup_stm32l082xx.s



ARM Macro Assembler    Page 4 Alphabetic symbol ordering
Relocatable symbols


RTC_IRQHandler 00000012

Symbol: RTC_IRQHandler
   Definitions
      At line 215 in file startup_stm32l082xx.s
   Uses
      At line 107 in file startup_stm32l082xx.s
      At line 183 in file startup_stm32l082xx.s

Reset_Handler 00000000

Symbol: Reset_Handler
   Definitions
      At line 145 in file startup_stm32l082xx.s
   Uses
      At line 88 in file startup_stm32l082xx.s
      At line 146 in file startup_stm32l082xx.s

SPI1_IRQHandler 00000012

Symbol: SPI1_IRQHandler
   Definitions
      At line 237 in file startup_stm32l082xx.s
   Uses
      At line 130 in file startup_stm32l082xx.s
      At line 205 in file startup_stm32l082xx.s

SPI2_IRQHandler 00000012

Symbol: SPI2_IRQHandler
   Definitions
      At line 238 in file startup_stm32l082xx.s
   Uses
      At line 131 in file startup_stm32l082xx.s
      At line 206 in file startup_stm32l082xx.s

SVC_Handler 0000000C

Symbol: SVC_Handler
   Definitions
      At line 166 in file startup_stm32l082xx.s
   Uses
      At line 98 in file startup_stm32l082xx.s
      At line 167 in file startup_stm32l082xx.s

SysTick_Handler 00000010

Symbol: SysTick_Handler
   Definitions
      At line 174 in file startup_stm32l082xx.s
   Uses
      At line 102 in file startup_stm32l082xx.s
      At line 175 in file startup_stm32l082xx.s

TIM21_IRQHandler 00000012

Symbol: TIM21_IRQHandler
   Definitions



ARM Macro Assembler    Page 5 Alphabetic symbol ordering
Relocatable symbols

      At line 232 in file startup_stm32l082xx.s
   Uses
      At line 125 in file startup_stm32l082xx.s
      At line 200 in file startup_stm32l082xx.s

TIM22_IRQHandler 00000012

Symbol: TIM22_IRQHandler
   Definitions
      At line 233 in file startup_stm32l082xx.s
   Uses
      At line 127 in file startup_stm32l082xx.s
      At line 201 in file startup_stm32l082xx.s

TIM2_IRQHandler 00000012

Symbol: TIM2_IRQHandler
   Definitions
      At line 228 in file startup_stm32l082xx.s
   Uses
      At line 120 in file startup_stm32l082xx.s
      At line 196 in file startup_stm32l082xx.s

TIM3_IRQHandler 00000012

Symbol: TIM3_IRQHandler
   Definitions
      At line 229 in file startup_stm32l082xx.s
   Uses
      At line 121 in file startup_stm32l082xx.s
      At line 197 in file startup_stm32l082xx.s

TIM6_DAC_IRQHandler 00000012

Symbol: TIM6_DAC_IRQHandler
   Definitions
      At line 230 in file startup_stm32l082xx.s
   Uses
      At line 122 in file startup_stm32l082xx.s
      At line 198 in file startup_stm32l082xx.s

TIM7_IRQHandler 00000012

Symbol: TIM7_IRQHandler
   Definitions
      At line 231 in file startup_stm32l082xx.s
   Uses
      At line 123 in file startup_stm32l082xx.s
      At line 199 in file startup_stm32l082xx.s

TSC_IRQHandler 00000012

Symbol: TSC_IRQHandler
   Definitions
      At line 221 in file startup_stm32l082xx.s
   Uses
      At line 113 in file startup_stm32l082xx.s
      At line 189 in file startup_stm32l082xx.s




ARM Macro Assembler    Page 6 Alphabetic symbol ordering
Relocatable symbols

USART1_IRQHandler 00000012

Symbol: USART1_IRQHandler
   Definitions
      At line 239 in file startup_stm32l082xx.s
   Uses
      At line 132 in file startup_stm32l082xx.s
      At line 207 in file startup_stm32l082xx.s

USART2_IRQHandler 00000012

Symbol: USART2_IRQHandler
   Definitions
      At line 240 in file startup_stm32l082xx.s
   Uses
      At line 133 in file startup_stm32l082xx.s
      At line 208 in file startup_stm32l082xx.s

USART4_5_IRQHandler 00000012

Symbol: USART4_5_IRQHandler
   Definitions
      At line 227 in file startup_stm32l082xx.s
   Uses
      At line 119 in file startup_stm32l082xx.s
      At line 195 in file startup_stm32l082xx.s

USB_IRQHandler 00000012

Symbol: USB_IRQHandler
   Definitions
      At line 242 in file startup_stm32l082xx.s
   Uses
      At line 136 in file startup_stm32l082xx.s
      At line 210 in file startup_stm32l082xx.s

WWDG_IRQHandler 00000012

Symbol: WWDG_IRQHandler
   Definitions
      At line 213 in file startup_stm32l082xx.s
   Uses
      At line 105 in file startup_stm32l082xx.s
      At line 181 in file startup_stm32l082xx.s

38 symbols



ARM Macro Assembler    Page 1 Alphabetic symbol ordering
Absolute symbols

Heap_Size 00000400

Symbol: Heap_Size
   Definitions
      At line 59 in file startup_stm32l082xx.s
   Uses
      At line 63 in file startup_stm32l082xx.s
Comment: Heap_Size used once
Stack_Size 00001000

Symbol: Stack_Size
   Definitions
      At line 48 in file startup_stm32l082xx.s
   Uses
      At line 51 in file startup_stm32l082xx.s
Comment: Stack_Size used once
__Vectors_Size 000000C0

Symbol: __Vectors_Size
   Definitions
      At line 140 in file startup_stm32l082xx.s
   Uses
      At line 74 in file startup_stm32l082xx.s
Comment: __Vectors_Size used once
3 symbols



ARM Macro Assembler    Page 1 Alphabetic symbol ordering
External symbols

SystemInit 00000000

Symbol: SystemInit
   Definitions
      At line 148 in file startup_stm32l082xx.s
   Uses
      At line 149 in file startup_stm32l082xx.s
Comment: SystemInit used once
__main 00000000

Symbol: __main
   Definitions
      At line 147 in file startup_stm32l082xx.s
   Uses
      At line 151 in file startup_stm32l082xx.s
Comment: __main used once
2 symbols
389 symbols in table
